Build started 7/17/2013 12:56:43 PM.
     1>Project "C:\Users\thomaslx\src\cpu-vision\myNewOpenCv\myNewOpenCv\myNewOpenCv.vcxproj" on node 2 (build target(s)).
     1>InitializeBuildStatus:
         Creating "Debug\myNewOpenCv.unsuccessfulbuild" because "AlwaysCreate" was specified.
       ClCompile:
         c:\Program Files (x86)\Microsoft Visual Studio 10.0\VC\bin\CL.exe /c /IC:\opencv246\build\include /ZI /nologo /W3 /WX- /Od /Oy- /D WIN32 /D _DEBUG /D _CONSOLE /D _UNICODE /D UNICODE /Gm /EHsc /RTC1 /MDd /GS /fp:precise /Zc:wchar_t /Zc:forScope /Fo"Debug\\" /Fd"Debug\vc100.pdb" /Gd /TP /analyze- /errorReport:prompt main.cpp
         main.cpp
       ManifestResourceCompile:
         C:\Program Files (x86)\Microsoft SDKs\Windows\v7.0A\bin\rc.exe /nologo /fo"Debug\myNewOpenCv.exe.embed.manifest.res" Debug\myNewOpenCv_manifest.rc 
       Link:
         c:\Program Files (x86)\Microsoft Visual Studio 10.0\VC\bin\link.exe /ERRORREPORT:PROMPT /OUT:"C:\Users\thomaslx\src\cpu-vision\myNewOpenCv\Debug\myNewOpenCv.exe" /INCREMENTAL /NOLOGO /LIBPATH:C:\opencv246\build\x86\vc10\lib opencv_core246d.lib opencv_imgproc246d.lib opencv_highgui246d.lib opencv_ml246d.lib opencv_video246d.lib opencv_features2d246d.lib opencv_calib3d246d.lib kernel32.lib user32.lib gdi32.lib winspool.lib comdlg32.lib advapi32.lib shell32.lib ole32.lib oleaut32.lib uuid.lib odbc32.lib odbccp32.lib /MANIFEST /ManifestFile:"Debug\myNewOpenCv.exe.intermediate.manifest" /MANIFESTUAC:"level='asInvoker' uiAccess='false'" /DEBUG /PDB:"C:\Users\thomaslx\src\cpu-vision\myNewOpenCv\Debug\myNewOpenCv.pdb" /SUBSYSTEM:CONSOLE /TLBID:1 /DYNAMICBASE /NXCOMPAT /IMPLIB:"C:\Users\thomaslx\src\cpu-vision\myNewOpenCv\Debug\myNewOpenCv.lib" /MACHINE:X86 Debug\myNewOpenCv.exe.embed.manifest.res
         Debug\main.obj
       Manifest:
         C:\Program Files (x86)\Microsoft SDKs\Windows\v7.0A\bin\mt.exe /nologo /verbose /out:"Debug\myNewOpenCv.exe.embed.manifest" /manifest Debug\myNewOpenCv.exe.intermediate.manifest
         All outputs are up-to-date.
       LinkEmbedManifest:
         All outputs are up-to-date.
         myNewOpenCv.vcxproj -> C:\Users\thomaslx\src\cpu-vision\myNewOpenCv\Debug\myNewOpenCv.exe
       FinalizeBuildStatus:
         Deleting file "Debug\myNewOpenCv.unsuccessfulbuild".
         Touching "Debug\myNewOpenCv.lastbuildstate".
     1>Done Building Project "C:\Users\thomaslx\src\cpu-vision\myNewOpenCv\myNewOpenCv\myNewOpenCv.vcxproj" (build target(s)).

Build succeeded.

Time Elapsed 00:00:03.10
